2025-04-08 10:31:08,913 [Worker-4: Loading available Gradle versions] INFO  o.e.b.c.i.u.g.PublishedGradleVersions - Gradle version information cache is up-to-date. Trying to read.
2025-04-08 11:48:38,341 [Worker-3: Loading available Gradle versions] INFO  o.e.b.c.i.u.g.PublishedGradleVersions - Gradle version information cache is up-to-date. Trying to read.
2025-04-09 08:41:01,378 [Worker-3: Loading available Gradle versions] INFO  o.e.b.c.i.u.g.PublishedGradleVersions - Gradle version information cache is out-of-date. Trying to update.
2025-04-09 12:18:14,774 [Worker-3: Loading available Gradle versions] INFO  o.e.b.c.i.u.g.PublishedGradleVersions - Gradle version information cache is up-to-date. Trying to read.
2025-04-09 12:23:47,125 [Worker-3: Loading available Gradle versions] INFO  o.e.b.c.i.u.g.PublishedGradleVersions - Gradle version information cache is up-to-date. Trying to read.
2025-04-10 08:20:23,897 [Worker-3: Loading available Gradle versions] INFO  o.e.b.c.i.u.g.PublishedGradleVersions - Gradle version information cache is up-to-date. Trying to read.
2025-04-10 10:01:57,864 [Worker-3: Loading available Gradle versions] INFO  o.e.b.c.i.u.g.PublishedGradleVersions - Gradle version information cache is out-of-date. Trying to update.
2025-04-11 08:33:04,717 [Worker-4: Loading available Gradle versions] INFO  o.e.b.c.i.u.g.PublishedGradleVersions - Gradle version information cache is not available. Remote download required.
2025-04-14 14:48:30,093 [Worker-3: Loading available Gradle versions] INFO  o.e.b.c.i.u.g.PublishedGradleVersions - Gradle version information cache is up-to-date. Trying to read.
2025-04-15 12:54:50,898 [Worker-3: Loading available Gradle versions] INFO  o.e.b.c.i.u.g.PublishedGradleVersions - Gradle version information cache is up-to-date. Trying to read.
2025-04-16 16:42:53,189 [Worker-4: Loading available Gradle versions] INFO  o.e.b.c.i.u.g.PublishedGradleVersions - Gradle version information cache is out-of-date. Trying to update.
2025-04-16 19:06:57,797 [Worker-3: Loading available Gradle versions] INFO  o.e.b.c.i.u.g.PublishedGradleVersions - Gradle version information cache is up-to-date. Trying to read.
2025-04-16 19:08:59,861 [Worker-3: Loading available Gradle versions] INFO  o.e.b.c.i.u.g.PublishedGradleVersions - Gradle version information cache is up-to-date. Trying to read.
2025-04-16 19:09:38,523 [Worker-4: Loading available Gradle versions] INFO  o.e.b.c.i.u.g.PublishedGradleVersions - Gradle version information cache is up-to-date. Trying to read.
2025-04-22 14:59:09,458 [Worker-3: Loading available Gradle versions] INFO  o.e.b.c.i.u.g.PublishedGradleVersions - Gradle version information cache is up-to-date. Trying to read.
2025-04-23 15:03:04,498 [Worker-3: Loading available Gradle versions] INFO  o.e.b.c.i.u.g.PublishedGradleVersions - Gradle version information cache is up-to-date. Trying to read.
2025-04-24 18:05:16,441 [Worker-3: Loading available Gradle versions] INFO  o.e.b.c.i.u.g.PublishedGradleVersions - Gradle version information cache is out-of-date. Trying to update.
2025-04-25 11:37:22,435 [Worker-3: Loading available Gradle versions] INFO  o.e.b.c.i.u.g.PublishedGradleVersions - Gradle version information cache is up-to-date. Trying to read.
2025-04-25 17:35:00,759 [Worker-3: Loading available Gradle versions] INFO  o.e.b.c.i.u.g.PublishedGradleVersions - Gradle version information cache is up-to-date. Trying to read.
2025-04-26 12:28:04,254 [main] INFO  org.eclipse.jetty.util.log - Logging initialized @67997722ms to org.eclipse.jetty.util.log.Slf4jLog
2025-04-26 12:28:04,496 [main] INFO  org.eclipse.jetty.server.Server - jetty-9.4.37.v20210219; built: 2021-02-23T06:49:41.320Z; git: 27afab2bd37780d179836e313e0fe11bc4fa0ce9; jvm 15.0.2+7-27
2025-04-26 12:28:04,505 [main] INFO  org.eclipse.jetty.server.session - DefaultSessionIdManager workerName=node0
2025-04-26 12:28:04,505 [main] INFO  org.eclipse.jetty.server.session - No SessionScavenger set, using defaults
2025-04-26 12:28:04,506 [main] INFO  org.eclipse.jetty.server.session - node0 Scavenging every 660000ms
2025-04-26 12:28:04,521 [main] INFO  o.e.j.server.handler.ContextHandler - Started o.e.j.s.ServletContextHandler@5a2b3340{/wse,null,AVAILABLE}
2025-04-26 12:28:04,534 [main] INFO  o.e.jetty.server.AbstractConnector - Started ServerConnector@268eaf5a{HTTP/1.1, (http/1.1)}{0.0.0.0:52027}
2025-04-26 12:28:04,535 [main] INFO  org.eclipse.jetty.server.Server - Started @67998060ms
2025-04-26 12:28:04,535 [main] INFO  org.eclipse.jetty.server.session - node0 Scavenging every 660000ms
2025-04-27 08:57:43,293 [Framework stop - Equinox Container: 125e67c6-33fc-496a-a00e-5ad627ff3646] INFO  o.e.jetty.server.AbstractConnector - Stopped ServerConnector@268eaf5a{HTTP/1.1, (http/1.1)}{0.0.0.0:0}
2025-04-27 08:57:43,294 [Framework stop - Equinox Container: 125e67c6-33fc-496a-a00e-5ad627ff3646] INFO  org.eclipse.jetty.server.session - node0 Stopped scavenging
2025-04-27 08:57:43,862 [Framework stop - Equinox Container: 125e67c6-33fc-496a-a00e-5ad627ff3646] INFO  o.e.j.server.handler.ContextHandler - Stopped o.e.j.s.ServletContextHandler@5a2b3340{/wse,null,STOPPED}
2025-04-27 09:14:35,541 [Worker-3: Loading available Gradle versions] INFO  o.e.b.c.i.u.g.PublishedGradleVersions - Gradle version information cache is up-to-date. Trying to read.
2025-04-27 10:06:27,727 [Worker-3: Loading available Gradle versions] INFO  o.e.b.c.i.u.g.PublishedGradleVersions - Gradle version information cache is up-to-date. Trying to read.
2025-04-27 14:02:35,396 [Worker-2: Loading available Gradle versions] INFO  o.e.b.c.i.u.g.PublishedGradleVersions - Gradle version information cache is out-of-date. Trying to update.
2025-04-27 20:19:36,219 [Worker-2: Loading available Gradle versions] INFO  o.e.b.c.i.u.g.PublishedGradleVersions - Gradle version information cache is up-to-date. Trying to read.
2025-04-27 21:07:21,288 [Worker-3: Loading available Gradle versions] INFO  o.e.b.c.i.u.g.PublishedGradleVersions - Gradle version information cache is up-to-date. Trying to read.
2025-04-27 21:25:58,573 [Worker-3: Loading available Gradle versions] INFO  o.e.b.c.i.u.g.PublishedGradleVersions - Gradle version information cache is up-to-date. Trying to read.
2025-04-27 21:40:35,969 [Worker-3: Loading available Gradle versions] INFO  o.e.b.c.i.u.g.PublishedGradleVersions - Gradle version information cache is up-to-date. Trying to read.
2025-04-27 23:05:00,166 [Worker-3: Loading available Gradle versions] INFO  o.e.b.c.i.u.g.PublishedGradleVersions - Gradle version information cache is up-to-date. Trying to read.
2025-04-27 23:58:04,001 [Worker-0: Loading available Gradle versions] INFO  o.e.b.c.i.u.g.PublishedGradleVersions - Gradle version information cache is up-to-date. Trying to read.
